<?xml version="1.0" encoding="UTF-8"?>
<!-- Generated by org.testng.reporters.JUnitReportReporter -->
<testsuite hostname="Hidden-Leaf-Village" failures="0" tests="4" name="avadhut.tests.SubmitOrderTest" time="17.595" errors="0" timestamp="2025-07-16T12:21:10 IST" skipped="0">
  <testcase classname="avadhut.tests.SubmitOrderTest" name="OrderHistoryTest" time="3.696"/>
  <testcase classname="avadhut.tests.SubmitOrderTest" name="OrderHistoryTest" time="3.659"/>
  <testcase classname="avadhut.tests.SubmitOrderTest" name="SubmitOrder" time="5.054"/>
  <testcase classname="avadhut.tests.SubmitOrderTest" name="SubmitOrder" time="5.186"/>
</testsuite> <!-- avadhut.tests.SubmitOrderTest -->
