<?xml version="1.0" encoding="UTF-8"?>
<!-- Generated by org.testng.reporters.JUnitReportReporter -->
<testsuite hostname="Hidden-Leaf-Village" failures="0" tests="1" name="cucumber.TestNGTestRunner" time="10.095" errors="0" timestamp="2025-08-05T12:14:41 IST" skipped="0">
  <testcase classname="cucumber.TestNGTestRunner" name="runScenario" time="10.095"/>
</testsuite> <!-- cucumber.TestNGTestRunner -->
