<?xml version="1.0" encoding="UTF-8"?>
<!-- Generated by org.testng.reporters.JUnitReportReporter -->
<testsuite hostname="Hidden-Leaf-Village" failures="0" tests="4" name="avadhut.tests.SubmitOrderTest" time="20.217" errors="0" timestamp="2025-08-05T12:35:39 IST" skipped="0">
  <testcase classname="avadhut.tests.SubmitOrderTest" name="OrderHistoryTest" time="3.457"/>
  <testcase classname="avadhut.tests.SubmitOrderTest" name="OrderHistoryTest" time="3.559"/>
  <testcase classname="avadhut.tests.SubmitOrderTest" name="SubmitOrder" time="6.517"/>
  <testcase classname="avadhut.tests.SubmitOrderTest" name="SubmitOrder" time="6.684"/>
</testsuite> <!-- avadhut.tests.SubmitOrderTest -->
