<?xml version="1.0" encoding="UTF-8"?>
<!-- Generated by org.testng.reporters.JUnitReportReporter -->
<testsuite hostname="Hidden-Leaf-Village" failures="0" tests="2" name="cucumber.TestNGTestRunner" time="16.367" errors="0" timestamp="2025-08-05T12:46:15 IST" skipped="0">
  <testcase classname="cucumber.TestNGTestRunner" name="runScenario" time="6.973"/>
  <testcase classname="cucumber.TestNGTestRunner" name="runScenario" time="9.394"/>
</testsuite> <!-- cucumber.TestNGTestRunner -->
