<?xml version="1.0" encoding="UTF-8"?>
<!-- Generated by org.testng.reporters.JUnitReportReporter -->
<testsuite hostname="Hidden-Leaf-Village" failures="0" tests="2" name="avadhut.tests.ErrorValidationsTest" time="11.920" errors="0" timestamp="2025-08-05T12:35:39 IST" skipped="0">
  <testcase classname="avadhut.tests.ErrorValidationsTest" name="ProductErrorValidation" time="5.413"/>
  <testcase classname="avadhut.tests.ErrorValidationsTest" name="LoginErrorValidation" time="6.507"/>
</testsuite> <!-- avadhut.tests.ErrorValidationsTest -->
